
********************************************************************
*** Algorithm iteration summary output                           ***
***                                                              ***
*** Below, a summary table of the SQP iterations is given as     ***
*** well as a table of the CPU times for each step (if the       ***
*** option MoochoSolver::algo_timing = true is set).             ***
********************************************************************

*** Echoing input options ...

begin_options

options_group DecompositionSystemStateStepBuilderStd {
    null_space_matrix = EXPLICIT;
    range_space_matrix = ORTHOGONAL;
}

options_group NLPAlgoConfigMamaJama {
    line_search_method = FILTER;
    quasi_newton = BFGS;
}

options_group NLPSolverClientInterface {
    calc_conditioning = true;
    calc_matrix_info_null_space_only = true;
    calc_matrix_norms = true;
    feas_tol = 1e-7;
    journal_output_level = PRINT_ALGORITHM_STEPS;
    journal_print_digits = 10;
    max_iter = 20;
    max_run_time = 2.0;
    null_space_journal_output_level = PRINT_ITERATION_QUANTITIES;
    opt_tol = 1e-2;
}

end_options


Allocating workspace_MB = 0.2404 megabytes of temporary workspace for automatic arrays only ...

*** Setting up to run MOOCHO on the NLP using a configuration object of type 'MoochoPack::NLPAlgoConfigMamaJama' ...

test_nlp = true: Testing the NLP! ...

Testing the supported NLPFirstOrder interface ...

Successful end of testing of the nlp


********************************
*** Start of rSQP Iterations ***
n = 3005, m = 3000, nz = 59910

 k      f              ||Gf||inf      ||c||inf       ||rGL||inf     quasi-Newton #act   #adds  #drops #qpitr wcfi     ||Ypy||2       ||Zpz||2       ||d||inf       alpha
 ----   ------------   ------------   ------------   ------------   ------------ ------ ------ ------ ------ ----   ------------   ------------   ------------   ------------
    0         15.025            0.1        119.973        10.8096    initialized      0      -      -      0  c f        1.19996        110.323         10.286         0.0625
    1        2.18207       0.742874        69.6825       0.374625        updated      0      -      -      0  c f        1.06215      0.0603318       0.281631              1
    2       0.615764       0.461355          15.83       0.415546         skiped      0      -      -      0  c f        0.39705      0.0578495      0.0682893              1
    3       0.386953       0.393147        1.34453       0.392728         skiped      0      -      -      0  c f      0.0382224      0.0530505      0.0241417              1
    4       0.340244       0.369005      0.0449874       0.369005   damp.updated      0      -      -      0  c f     0.00132495       0.249154       0.111452              1
    5        0.16575       0.257554     0.00617911       0.257554        updated      1      -      -      1  c f    0.000215694       0.575732       0.257536              1
    6    4.30785e-09    1.72885e-05     0.00160011    2.42272e-05        updated      4      -      -      4  c f    8.83285e-05    3.94154e-06    2.50836e-06              1
 ----   ------------   ------------   ------------   ------------   ------------ ------ ------ ------ ------ ----
    7    3.09226e-10    1.47801e-05    7.94737e-09    1.47801e-05        updated      4      -      -      4  c f     3.1178e-10    1.55104e-06    1.55104e-06

Number of function evaluations:
-------------------------------
f(x)  : 18
c(x)  : 18
Gf(x) : 9
Gc(x) : 9


************************
**** Solution Found ****

  total time = 0.81032 sec.


**************************************
*** Algorithm step CPU times (sec) ***

Step names
----------
1) "EvalNewPoint"
2) "QuasiNormalStep"
3) "ReducedGradient"
4) "ReducedHessian"
5) "TangentialStep"
6) "CalcDFromYPYZPZ"
7) "CalcReducedGradLagrangian"
8) "CheckConvergence"
9) "LineSearch"
10) Iteration total

            steps 1...10 ->

    iter k         1         2         3         4         5         6         7         8         9        10
  --------  --------  --------  --------  --------  --------  --------  --------  --------  --------  --------
         0    0.1132   0.01123  0.000365  0.000401  0.002374  0.000333   3.1e-05  0.000333   0.01729    0.1455
         1   0.07261   0.01096   0.00035  0.001035  0.001886  0.000291   1.9e-05  0.000328  0.003634   0.09111
         2   0.07233     0.011  0.000377  0.000116  0.001899  0.000295   1.8e-05  0.000309  0.003681   0.09002
         3   0.07215   0.01104  0.000363  0.000114  0.002205   0.00029     2e-05  0.000305  0.003642   0.09014
         4   0.07211   0.01113   0.00038  0.000882   0.00188  0.000304     2e-05  0.000304  0.003613   0.09063
         5   0.07228   0.01107  0.000383   0.00079  0.005485  0.000286  0.000475  0.000309  0.003622    0.0947
         6    0.0731   0.01113  0.000376  0.000819   0.01518  0.000296  0.000469  0.000316  0.003623    0.1053
         7   0.07216   0.01133  0.000419  0.000886   0.01534  0.000314  0.000515  0.000317         0    0.1013
  --------  --------  --------  --------  --------  --------  --------  --------  --------  --------  --------
total(sec)    0.6199   0.08889  0.003013  0.005043   0.04625  0.002409  0.001567  0.002521    0.0391    0.8087
 av(sec)/k   0.07749   0.01111 0.0003766 0.0006304  0.005781 0.0003011 0.0001959 0.0003151  0.004888    0.1011
  min(sec)   0.07211   0.01096   0.00035  0.000114   0.00188  0.000286   1.8e-05  0.000304         0   0.09002
  max(sec)    0.1132   0.01133  0.000419  0.001035   0.01534  0.000333  0.000515  0.000333   0.01729    0.1455
   % total     76.65     10.99    0.3726    0.6236     5.718    0.2979    0.1938    0.3117     4.835       100
------------------------------
total CPU time = 0.8087 sec


================================================================================

                              TimeMonitor Results

Timer Name    Local time (num calls)    
================================================================================

*** Statistics for automatic array workspace:
Number of megabytes of preallocated workspace                = 0.2404
Number of allocations using preallocated workspace           = 3960
Number of dynamic allocations beyond preallocated workspace  = 1