Teuchos::GlobalMPISession::GlobalMPISession(): started serial run

Echoing the command-line:

c:\_mystuff\PROJECTS\Trilinos.release-7-0-branch\BUILDS\INTEL\SERIAL_DEBUG\packages\moocho\thyra\example\NLPThyraEpetraAdvDiffReactOpt\NLPThyraEpetraAdvDiffReactOpt.exe --echo-command-line --help 

Usage: c:\_mystuff\PROJECTS\Trilinos.release-7-0-branch\BUILDS\INTEL\SERIAL_DEBUG\packages\moocho\thyra\example\NLPThyraEpetraAdvDiffReactOpt\NLPThyraEpetraAdvDiffReactOpt.exe [options]
  options:
  --help                                    Prints this help message
  --pause-for-debugging                     Pauses for user input to allow attaching a debugger
  --echo-command-line                       Echo the command-line but continue as normal
  --output-all-front-matter         bool    Set if all front matter is printed to the default FancyOStream or not
  --output-no-front-matter                  (default: --output-no-front-matter)
  --output-show-line-prefix         bool    Set if the line prefix matter is printed to the default FancyOStream or not
  --output-no-show-line-prefix              (default: --output-no-show-line-prefix)
  --output-show-tab-count           bool    Set if the tab count is printed to the default FancyOStream or not
  --output-no-show-tab-count                (default: --output-no-show-tab-count)
  --output-show-proc-rank           bool    Set if the processor rank is printed to the default FancyOStream or not
  --output-no-show-proc-rank                (default: --output-no-show-proc-rank)
  --output-to-root-rank-only        int     Set which processor (the root) gets the output.  If < 0, then all processors get output.
                                            (default: --output-to-root-rank-only=0)
  --len-x                           double  Mesh dimension in the x direction (Overridden by --geom-file-base).
                                            (default: --len-x=1)
  --len-y                           double  Mesh dimension in the y direction (Overridden by --geom-file-base).
                                            (default: --len-y=1)
  --local-nx                        int     Number of local discretization segments in the x direction (Overridden by --geom-file-base).
                                            (default: --local-nx=3)
  --local-ny                        int     Number of local discretization segments in the y direction (Overridden by --geom-file-base).
                                            (default: --local-ny=4)
  --geom-file-base                  string  Base name of geometry file to read the mesh from.
                                            (default: --geom-file-base="")
  --np                              int     The number of optimization parameters p (If < 0 then all of boundary is used)
                                            (default: --np=-1)
  --normalize-basis                 bool    Normalize the basis for the parameters p or not.
  --no-normalize-basis                      (default: --no-normalize-basis)
  --beta                            double  Regularization.
                                            (default: --beta=1)
  --reaction-rate                   double  The rate of the reaction
                                            (default: --reaction-rate=1)
  --x0                              double  Initial guess for the state.
                                            (default: --x0=0)
  --p0                              double  Initial guess or nonminal value for optimization parameters.
                                            (default: --p0=1)
  --linear-solver-params-file       string  Name of an XML file containing parameters for linear solver options to be appended first.
                                            (default: --linear-solver-params-file="")
  --extra-linear-solver-params      string  An XML string containing linear solver parameters to be appended second.
                                            (default: --extra-linear-solver-params="")
  --linear-solver-params-used-file  string  Name of an XML file that can be written with the parameter list after it has been used on completion of this program.
                                            (default: --linear-solver-params-used-file="")
  --moocho-options-file             string  Set the name of the MOOCHO options file in the OptionsFromStream format.  File is ignored if it does not exist!
                                            (default: --moocho-options-file="Moocho.opt")
  --moocho-extra-options            string  Extra MOOCHO options specified in the format "OptGrp1{name1=val1,...,namen=valn}:OptGr2{name1=val1,...,namen=valn}:..."
                                            (default: --moocho-extra-options="")
  --do-sim                          bool    Flag for if only the square constraints are solved
  --do-opt                                  (default: --do-opt)
  --use-direct                      bool    Flag for if we use the NLPDirect or NLPFirstOrderInfo implementation.
  --use-first-order                         (default: --use-first-order)
  --black-box                       bool    Flag for if we do black-box NAND or all-at-once SAND.
  --all-at-once                             (default: --all-at-once)
  --use-finite-diff                 bool    Flag for if we are using finite differences or not.
  --no-use-finite-diff                      (default: --no-use-finite-diff)
  --finite-diff-type                enum    The type of finite differences used [---use-finite-diff]
                                            Valid options: "order-one", "order-two", "order-two-central", "order-two-auto", "order-four", "order-four-central", "order-four-auto"
                                            (default: --finite-diff-type="order-one")
  --fd-step-len                     double  The finite-difference step length ( < 0 determine automatically ).
                                            (default: --fd-step-len=0.0001)
  --fwd-newton-tol                  double  Nonlinear residual tolerance for the forward Newton solve.
                                            (default: --fwd-newton-tol=-1)
  --fwd-newton-max-iters            int     Max number of iterations for the forward Newton solve.
                                            (default: --fwd-newton-max-iters=20)
  --x-guess-file                    string  Base file name to read the guess of the state x from.
                                            (default: --x-guess-file="")
  --scale-x-guess                   double  Amount to scale the guess for x read in by --x-guess-file.
                                            (default: --scale-x-guess=1)
  --p-guess-file                    string  Base file name to read the guess of the parameters p from.
                                            (default: --p-guess-file="")
  --scale-p-guess                   double  Amount to scale the guess for p read in by --p-guess-file.
                                            (default: --scale-p-guess=1)
  --x-solu-file                     string  Base file name to write the state solution x to.
                                            (default: --x-solu-file="")
  --p-solu-file                     string  Base file name to write the parameter solution p to.
                                            (default: --p-solu-file="")
  --q-vec-file                      string  Base file name to read the objective state matching vector q (i.e. ||x-q||_M in objective).
                                            (default: --q-vec-file="")
