Teuchos::GlobalMPISession::GlobalMPISession(): started serial run
<ParameterList>
  <ParameterList name="Finite Difference Settings">
    <Parameter name="FD Method" type="string" value="order-one"/>
    <Parameter name="FD Step Length" type="double" value="-1"/>
    <Parameter name="FD Step Select Type" type="string" value="Absolute"/>
  </ParameterList>
  <Parameter name="Forward Newton Max Iters" type="int" value="20"/>
  <Parameter name="Forward Newton Tolerance" type="double" value="-1"/>
  <Parameter name="NLP Type" type="string" value="First Order"/>
  <Parameter name="Nonlinearly Eliminate States" type="bool" value="0"/>
  <Parameter name="Parameters Guess File Base Name" type="string" value=""/>
  <Parameter name="Parameters Guess Scale" type="double" value="1"/>
  <Parameter name="Parameters Solution File Base Name" type="string" value=""/>
  <Parameter name="Solve Mode" type="string" value="Optimize"/>
  <Parameter name="State Guess File Base Name" type="string" value=""/>
  <Parameter name="State Guess Scale" type="double" value="1"/>
  <Parameter name="State Solution File Base Name" type="string" value=""/>
  <Parameter name="Use Finite Differences" type="bool" value="0"/>
</ParameterList>

